<?xml version="1.0" encoding="UTF-8" ?>
<testsuite errors="0" failures="1" hostname="Hongyans-MacBook-Pro.local" name="twitter.staff.GradingExtractTest" skipped="0" tests="21" time="5.107" timestamp="2016-11-07T13:50:32">
  <properties>
    <property name="java.vendor" value="Oracle Corporation" />
    <property name="sun.java.launcher" value="SUN_STANDARD" />
    <property name="sun.management.compiler" value="HotSpot 64-Bit Tiered Compilers" />
    <property name="build.sysclasspath" value="ignore" />
    <property name="os.name" value="Mac OS X" />
    <property name="sun.boot.class.path" value="/Library/Java/JavaVirtualMachines/jdk1.8.0_101.jdk/Contents/Home/jre/lib/resources.jar:/Library/Java/JavaVirtualMachines/jdk1.8.0_101.jdk/Contents/Home/jre/lib/rt.jar:/Library/Java/JavaVirtualMachines/jdk1.8.0_101.jdk/Contents/Home/jre/lib/sunrsasign.jar:/Library/Java/JavaVirtualMachines/jdk1.8.0_101.jdk/Contents/Home/jre/lib/jsse.jar:/Library/Java/JavaVirtualMachines/jdk1.8.0_101.jdk/Contents/Home/jre/lib/jce.jar:/Library/Java/JavaVirtualMachines/jdk1.8.0_101.jdk/Contents/Home/jre/lib/charsets.jar:/Library/Java/JavaVirtualMachines/jdk1.8.0_101.jdk/Contents/Home/jre/lib/jfr.jar:/Library/Java/JavaVirtualMachines/jdk1.8.0_101.jdk/Contents/Home/jre/classes" />
    <property name="final.grading" value="true" />
    <property name="java.vm.specification.vendor" value="Oracle Corporation" />
    <property name="ant.home" value="/Users/hongyanwang/.p2/pool/plugins/org.apache.ant_1.9.6.v201510161327" />
    <property name="java.runtime.version" value="1.8.0_101-b13" />
    <property name="user.name" value="hongyanwang" />
    <property name="ant.build.javac.target" value="1.8" />
    <property name="user.language" value="en" />
    <property name="sun.boot.library.path" value="/Library/Java/JavaVirtualMachines/jdk1.8.0_101.jdk/Contents/Home/jre/lib" />
    <property name="grader.report.file" value="my-grader-report.xml" />
    <property name="ant.project.default-target" value="all" />
    <property name="java.version" value="1.8.0_101" />
    <property name="user.timezone" value="" />
    <property name="sun.arch.data.model" value="64" />
    <property name="http.nonProxyHosts" value="local|*.local|169.254/16|*.169.254/16" />
    <property name="java.endorsed.dirs" value="/Library/Java/JavaVirtualMachines/jdk1.8.0_101.jdk/Contents/Home/jre/lib/endorsed" />
    <property name="sun.cpu.isalist" value="" />
    <property name="sun.jnu.encoding" value="UTF-8" />
    <property name="file.encoding.pkg" value="sun.io" />
    <property name="file.separator" value="/" />
    <property name="java.specification.name" value="Java Platform API Specification" />
    <property name="java.class.version" value="52.0" />
    <property name="user.country" value="US" />
    <property name="java.home" value="/Library/Java/JavaVirtualMachines/jdk1.8.0_101.jdk/Contents/Home/jre" />
    <property name="java.vm.info" value="mixed mode" />
    <property name="ant.file" value="/Users/hongyanwang/Dropbox/courses/Edx_MIT6005/ps2/grader.xml" />
    <property name="os.version" value="10.12.1" />
    <property name="final.grader.jar" value="ps2-final-grader.jar" />
    <property name="path.separator" value=":" />
    <property name="java.vm.version" value="25.101-b13" />
    <property name="ant.library.dir" value="/Users/hongyanwang/.p2/pool/plugins/org.apache.ant_1.9.6.v201510161327/lib" />
    <property name="java.awt.printerjob" value="sun.lwawt.macosx.CPrinterJob" />
    <property name="sun.io.unicode.encoding" value="UnicodeBig" />
    <property name="awt.toolkit" value="sun.lwawt.macosx.LWCToolkit" />
    <property name="socksNonProxyHosts" value="local|*.local|169.254/16|*.169.254/16" />
    <property name="ftp.nonProxyHosts" value="local|*.local|169.254/16|*.169.254/16" />
    <property name="user.home" value="/Users/hongyanwang" />
    <property name="java.specification.vendor" value="Oracle Corporation" />
    <property name="which.tests.ran" value="BETA + FINAL" />
    <property name="java.library.path" value="/Users/hongyanwang/Library/Java/Extensions:/Library/Java/Extensions:/Network/Library/Java/Extensions:/System/Library/Java/Extensions:/usr/lib/java:." />
    <property name="java.vendor.url" value="http://java.oracle.com/" />
    <property name="java.vm.vendor" value="Oracle Corporation" />
    <property name="gopherProxySet" value="false" />
    <property name="java.runtime.name" value="Java(TM) SE Runtime Environment" />
    <property name="beta.grader.jar" value="ps2-beta-grader.jar" />
    <property name="sun.java.command" value="org.apache.tools.ant.taskdefs.optional.junit.JUnitTestRunner twitter.staff.GradingExtractTest skipNonTests=false filtertrace=true haltOnError=false haltOnFailure=false showoutput=false outputtoformatters=true logfailedtests=true threadid=0 logtestlistenerevents=false formatter=org.apache.tools.ant.taskdefs.optional.junit.XMLJUnitResultFormatter,/Users/hongyanwang/Dropbox/courses/Edx_MIT6005/ps2/.grader/TEST-twitter.staff.GradingExtractTest.xml crashfile=/Users/hongyanwang/Dropbox/courses/Edx_MIT6005/ps2/.grader/junitvmwatcher5954455727222216898.properties propsfile=/Users/hongyanwang/Dropbox/courses/Edx_MIT6005/ps2/.grader/junit3352915666061376783.properties" />
    <property name="java.class.path" value="/Users/hongyanwang/Dropbox/courses/Edx_MIT6005/ps2/lib/junit-4.12.jar:/Users/hongyanwang/Dropbox/courses/Edx_MIT6005/ps2/lib/hamcrest-core-1.3.jar:/Users/hongyanwang/Dropbox/courses/Edx_MIT6005/ps2/.grader/bin-tests-final:/Users/hongyanwang/Dropbox/courses/Edx_MIT6005/ps2/.grader/bin-impls-student:/Users/hongyanwang/.p2/pool/plugins/org.apache.ant_1.9.6.v201510161327/lib/ant-launcher.jar:/Users/hongyanwang/.p2/pool/plugins/org.apache.ant_1.9.6.v201510161327/lib/ant.jar:/Users/hongyanwang/.p2/pool/plugins/org.apache.ant_1.9.6.v201510161327/lib/ant-junit.jar:/Users/hongyanwang/.p2/pool/plugins/org.apache.ant_1.9.6.v201510161327/lib/ant-junit4.jar" />
    <property name="ant.version" value="Apache Ant(TM) version 1.9.6 compiled on June 29 2015" />
    <property name="project.name" value="ps2-tweets" />
    <property name="java.vm.specification.name" value="Java Virtual Machine Specification" />
    <property name="java.vm.specification.version" value="1.8" />
    <property name="sun.cpu.endian" value="little" />
    <property name="didit.desc" value="Running our tests against your implementation" />
    <property name="sun.os.patch.level" value="unknown" />
    <property name="java.io.tmpdir" value="/var/folders/jn/ptf5dddn03z3t76vz4fsd13m0000gn/T/" />
    <property name="java.vendor.url.bug" value="http://bugreport.sun.com/bugreport/" />
    <property name="os.arch" value="x86_64" />
    <property name="java.awt.graphicsenv" value="sun.awt.CGraphicsEnvironment" />
    <property name="java.ext.dirs" value="/Users/hongyanwang/Library/Java/Extensions:/Library/Java/JavaVirtualMachines/jdk1.8.0_101.jdk/Contents/Home/jre/lib/ext:/Library/Java/Extensions:/Network/Library/Java/Extensions:/System/Library/Java/Extensions:/usr/lib/java" />
    <property name="user.dir" value="/Users/hongyanwang/Dropbox/courses/Edx_MIT6005/ps2" />
    <property name="line.separator" value="&#xa;" />
    <property name="zipfile" value="my-submission.zip" />
    <property name="java.vm.name" value="Java HotSpot(TM) 64-Bit Server VM" />
    <property name="problem.set" value="ps2" />
    <property name="basedir" value="/Users/hongyanwang/Dropbox/courses/Edx_MIT6005/ps2" />
    <property name="ant.java.version" value="1.8" />
    <property name="ant.core.lib" value="/Users/hongyanwang/.p2/pool/plugins/org.apache.ant_1.9.6.v201510161327/lib/ant.jar" />
    <property name="file.encoding" value="UTF-8" />
    <property name="java.specification.version" value="1.8" />
    <property name="grader.dir" value=".grader" />
    <property name="ant.project.invoked-targets" value="all" />
  </properties>
  <testcase classname="twitter.staff.GradingExtractTest" name="testGetMentionedUsersSingleMentionSingleTweet" time="0.003" />
  <testcase classname="twitter.staff.GradingExtractTest" name="testGetTimespanMultipleStampsWithDuplicates" time="0.001" />
  <testcase classname="twitter.staff.GradingExtractTest" name="testGetMentionedUsersEmailAddress" time="0.001" />
  <testcase classname="twitter.staff.GradingExtractTest" name="testGetMentionedUsersUsernameEndedByPunctuation" time="0.001" />
  <testcase classname="twitter.staff.GradingExtractTest" name="testGetMentionedUsersMultipleMentionsMultipleTweets" time="0.0" />
  <testcase classname="twitter.staff.GradingExtractTest" name="testGetMentionedUsersSingleMentionMultipleTweetsMustBeCaseInsensitive" time="0.0" />
  <testcase classname="twitter.staff.GradingExtractTest" name="testGetMentionedUsersUsernameIsHyphenated" time="0.0" />
  <testcase classname="twitter.staff.GradingExtractTest" name="testGetMentionedUsersInvalidFollowingCharacters" time="0.0" />
  <testcase classname="twitter.staff.GradingExtractTest" name="testGetMentionedUsersUnderscores" time="0.001" />
  <testcase classname="twitter.staff.GradingExtractTest" name="testGetTimespanTwoDifferentStamps" time="0.0" />
  <testcase classname="twitter.staff.GradingExtractTest" name="testGetTimespanMultipleStampsWithoutDuplicates" time="0.0" />
  <testcase classname="twitter.staff.GradingExtractTest" name="testGetMentionedUsersEmptyList" time="0.0" />
  <testcase classname="twitter.staff.GradingExtractTest" name="testGetTimespanTwoDuplicateStamps" time="0.0" />
  <testcase classname="twitter.staff.GradingExtractTest" name="testGetMentionedUsersPreceededByPunctuation" time="0.001" />
  <testcase classname="twitter.staff.GradingExtractTest" name="testGetTimespanEmptyListAlwaysReturnsZeroLengthTimespan" time="0.004">
    <failure type="junit.framework.AssertionFailedError">junit.framework.AssertionFailedError
	at twitter.Extract.getTimespan(Extract.java:28)
	at twitter.staff.GradingExtractTest.testGetTimespanEmptyListAlwaysReturnsZeroLengthTimespan(GradingExtractTest.java:48)
</failure>
  </testcase>
  <testcase classname="twitter.staff.GradingExtractTest" name="testGetMentionedUsersSingleAtSignNoFollowingUsername" time="0.0" />
  <testcase classname="twitter.staff.GradingExtractTest" name="testGetMentionedUsersMultipleMentionsSingleTweet" time="0.0" />
  <testcase classname="twitter.staff.GradingExtractTest" name="testGetMentionedUsersSingleMentionMultipleTweets" time="0.0" />
  <testcase classname="twitter.staff.GradingExtractTest" name="testGetTimespanSingleTweet" time="0.0" />
  <testcase classname="twitter.staff.GradingExtractTest" name="testGetMentionedUsersNoMentionsSingleTweet" time="0.0" />
  <testcase classname="twitter.staff.GradingExtractTest" name="testGetMentionedUsersMultipleAtSigns" time="0.0" />
  <system-out><![CDATA[Tweet is: following text will be @mention
Tweet is: test@dev.null
Tweet is: dummyText @test:!
Tweet is: @test2's dummyText
Tweet is: @mention @othermention
Tweet is: @thirdMention
Tweet is: @mention
Tweet is: @MeNtIoN
Tweet is: The one and only @the-best is the best!
Tweet is: @…
Tweet is: @!!!
Tweet is: _ @_test_ _
Tweet is: this is a @te_st
Tweet is: .@ben bitdiddle~
Tweet is: I !!@will survive!
Tweet is: @
Tweet is: @mention @othermention
Tweet is: . @mention
Tweet is: @mention .
Tweet is: @mention
Tweet is: noMention
Tweet is: @@@ben
]]></system-out>
  <system-err><![CDATA[]]></system-err>
</testsuite>
