<?xml version="1.0" encoding="UTF-8" ?>
<testsuite errors="0" failures="0" hostname="Hongyans-MacBook-Pro.local" name="twitter.ExtractTest" skipped="0" tests="26" time="5.096" timestamp="2016-11-07T13:49:59">
  <properties>
    <property name="java.vendor" value="Oracle Corporation" />
    <property name="sun.java.launcher" value="SUN_STANDARD" />
    <property name="sun.management.compiler" value="HotSpot 64-Bit Tiered Compilers" />
    <property name="build.sysclasspath" value="ignore" />
    <property name="os.name" value="Mac OS X" />
    <property name="sun.boot.class.path" value="/Library/Java/JavaVirtualMachines/jdk1.8.0_101.jdk/Contents/Home/jre/lib/resources.jar:/Library/Java/JavaVirtualMachines/jdk1.8.0_101.jdk/Contents/Home/jre/lib/rt.jar:/Library/Java/JavaVirtualMachines/jdk1.8.0_101.jdk/Contents/Home/jre/lib/sunrsasign.jar:/Library/Java/JavaVirtualMachines/jdk1.8.0_101.jdk/Contents/Home/jre/lib/jsse.jar:/Library/Java/JavaVirtualMachines/jdk1.8.0_101.jdk/Contents/Home/jre/lib/jce.jar:/Library/Java/JavaVirtualMachines/jdk1.8.0_101.jdk/Contents/Home/jre/lib/charsets.jar:/Library/Java/JavaVirtualMachines/jdk1.8.0_101.jdk/Contents/Home/jre/lib/jfr.jar:/Library/Java/JavaVirtualMachines/jdk1.8.0_101.jdk/Contents/Home/jre/classes" />
    <property name="final.grading" value="true" />
    <property name="java.vm.specification.vendor" value="Oracle Corporation" />
    <property name="ant.home" value="/Users/hongyanwang/.p2/pool/plugins/org.apache.ant_1.9.6.v201510161327" />
    <property name="java.runtime.version" value="1.8.0_101-b13" />
    <property name="user.name" value="hongyanwang" />
    <property name="ant.build.javac.target" value="1.8" />
    <property name="user.language" value="en" />
    <property name="sun.boot.library.path" value="/Library/Java/JavaVirtualMachines/jdk1.8.0_101.jdk/Contents/Home/jre/lib" />
    <property name="grader.report.file" value="my-grader-report.xml" />
    <property name="ant.project.default-target" value="all" />
    <property name="java.version" value="1.8.0_101" />
    <property name="user.timezone" value="" />
    <property name="sun.arch.data.model" value="64" />
    <property name="http.nonProxyHosts" value="local|*.local|169.254/16|*.169.254/16" />
    <property name="java.endorsed.dirs" value="/Library/Java/JavaVirtualMachines/jdk1.8.0_101.jdk/Contents/Home/jre/lib/endorsed" />
    <property name="sun.cpu.isalist" value="" />
    <property name="sun.jnu.encoding" value="UTF-8" />
    <property name="file.encoding.pkg" value="sun.io" />
    <property name="file.separator" value="/" />
    <property name="java.specification.name" value="Java Platform API Specification" />
    <property name="java.class.version" value="52.0" />
    <property name="user.country" value="US" />
    <property name="java.home" value="/Library/Java/JavaVirtualMachines/jdk1.8.0_101.jdk/Contents/Home/jre" />
    <property name="java.vm.info" value="mixed mode" />
    <property name="ant.file" value="/Users/hongyanwang/Dropbox/courses/Edx_MIT6005/ps2/grader.xml" />
    <property name="os.version" value="10.12.1" />
    <property name="final.grader.jar" value="ps2-final-grader.jar" />
    <property name="path.separator" value=":" />
    <property name="java.vm.version" value="25.101-b13" />
    <property name="ant.library.dir" value="/Users/hongyanwang/.p2/pool/plugins/org.apache.ant_1.9.6.v201510161327/lib" />
    <property name="java.awt.printerjob" value="sun.lwawt.macosx.CPrinterJob" />
    <property name="sun.io.unicode.encoding" value="UnicodeBig" />
    <property name="awt.toolkit" value="sun.lwawt.macosx.LWCToolkit" />
    <property name="socksNonProxyHosts" value="local|*.local|169.254/16|*.169.254/16" />
    <property name="ftp.nonProxyHosts" value="local|*.local|169.254/16|*.169.254/16" />
    <property name="user.home" value="/Users/hongyanwang" />
    <property name="java.specification.vendor" value="Oracle Corporation" />
    <property name="which.tests.ran" value="BETA + FINAL" />
    <property name="java.library.path" value="/Users/hongyanwang/Library/Java/Extensions:/Library/Java/Extensions:/Network/Library/Java/Extensions:/System/Library/Java/Extensions:/usr/lib/java:." />
    <property name="java.vendor.url" value="http://java.oracle.com/" />
    <property name="java.vm.vendor" value="Oracle Corporation" />
    <property name="gopherProxySet" value="false" />
    <property name="java.runtime.name" value="Java(TM) SE Runtime Environment" />
    <property name="beta.grader.jar" value="ps2-beta-grader.jar" />
    <property name="sun.java.command" value="org.apache.tools.ant.taskdefs.optional.junit.JUnitTestRunner twitter.ExtractTest skipNonTests=false filtertrace=true haltOnError=false haltOnFailure=false showoutput=false outputtoformatters=true logfailedtests=true threadid=0 logtestlistenerevents=false formatter=org.apache.tools.ant.taskdefs.optional.junit.XMLJUnitResultFormatter,/Users/hongyanwang/Dropbox/courses/Edx_MIT6005/ps2/.grader/TEST-twitter.ExtractTest.xml crashfile=/Users/hongyanwang/Dropbox/courses/Edx_MIT6005/ps2/.grader/junitvmwatcher9037799336131721853.properties propsfile=/Users/hongyanwang/Dropbox/courses/Edx_MIT6005/ps2/.grader/junit4760264051664897392.properties" />
    <property name="java.class.path" value="/Users/hongyanwang/Dropbox/courses/Edx_MIT6005/ps2/lib/junit-4.12.jar:/Users/hongyanwang/Dropbox/courses/Edx_MIT6005/ps2/lib/hamcrest-core-1.3.jar:/Users/hongyanwang/Dropbox/courses/Edx_MIT6005/ps2/.grader/bin-tests-student:/Users/hongyanwang/Dropbox/courses/Edx_MIT6005/ps2/.grader/bin-impls-student:/Users/hongyanwang/.p2/pool/plugins/org.apache.ant_1.9.6.v201510161327/lib/ant-launcher.jar:/Users/hongyanwang/.p2/pool/plugins/org.apache.ant_1.9.6.v201510161327/lib/ant.jar:/Users/hongyanwang/.p2/pool/plugins/org.apache.ant_1.9.6.v201510161327/lib/ant-junit.jar:/Users/hongyanwang/.p2/pool/plugins/org.apache.ant_1.9.6.v201510161327/lib/ant-junit4.jar" />
    <property name="ant.version" value="Apache Ant(TM) version 1.9.6 compiled on June 29 2015" />
    <property name="project.name" value="ps2-tweets" />
    <property name="java.vm.specification.name" value="Java Virtual Machine Specification" />
    <property name="java.vm.specification.version" value="1.8" />
    <property name="sun.cpu.endian" value="little" />
    <property name="didit.desc" value="Running your tests on your implementation." />
    <property name="sun.os.patch.level" value="unknown" />
    <property name="java.io.tmpdir" value="/var/folders/jn/ptf5dddn03z3t76vz4fsd13m0000gn/T/" />
    <property name="java.vendor.url.bug" value="http://bugreport.sun.com/bugreport/" />
    <property name="os.arch" value="x86_64" />
    <property name="java.awt.graphicsenv" value="sun.awt.CGraphicsEnvironment" />
    <property name="java.ext.dirs" value="/Users/hongyanwang/Library/Java/Extensions:/Library/Java/JavaVirtualMachines/jdk1.8.0_101.jdk/Contents/Home/jre/lib/ext:/Library/Java/Extensions:/Network/Library/Java/Extensions:/System/Library/Java/Extensions:/usr/lib/java" />
    <property name="user.dir" value="/Users/hongyanwang/Dropbox/courses/Edx_MIT6005/ps2" />
    <property name="line.separator" value="&#xa;" />
    <property name="zipfile" value="my-submission.zip" />
    <property name="java.vm.name" value="Java HotSpot(TM) 64-Bit Server VM" />
    <property name="problem.set" value="ps2" />
    <property name="basedir" value="/Users/hongyanwang/Dropbox/courses/Edx_MIT6005/ps2" />
    <property name="ant.java.version" value="1.8" />
    <property name="ant.core.lib" value="/Users/hongyanwang/.p2/pool/plugins/org.apache.ant_1.9.6.v201510161327/lib/ant.jar" />
    <property name="file.encoding" value="UTF-8" />
    <property name="java.specification.version" value="1.8" />
    <property name="grader.dir" value=".grader" />
    <property name="ant.project.invoked-targets" value="all" />
  </properties>
  <testcase classname="twitter.ExtractTest" name="testGetMentioned10" time="0.003" />
  <testcase classname="twitter.ExtractTest" name="testGetMentioned11" time="0.001" />
  <testcase classname="twitter.ExtractTest" name="testGetMentioned12" time="0.001" />
  <testcase classname="twitter.ExtractTest" name="testGetMentionedUsersTricky1" time="0.001" />
  <testcase classname="twitter.ExtractTest" name="testGetMentionedUsersMultipleUsersRepeatedUsers" time="0.002" />
  <testcase classname="twitter.ExtractTest" name="testGetMentionedUsersNoMention" time="0.0" />
  <testcase classname="twitter.ExtractTest" name="testAssertionsEnabled" time="0.0" />
  <testcase classname="twitter.ExtractTest" name="testGetMentionedUsersMultipleUsersUpperLowerLetters" time="0.001" />
  <testcase classname="twitter.ExtractTest" name="testGetMentionedUsersMultipleUsersTogether" time="0.001" />
  <testcase classname="twitter.ExtractTest" name="testGetMentioned1" time="0.0" />
  <testcase classname="twitter.ExtractTest" name="testGetMentioned2" time="0.001" />
  <testcase classname="twitter.ExtractTest" name="testGetMentioned3" time="0.0" />
  <testcase classname="twitter.ExtractTest" name="testGetMentioned4" time="0.001" />
  <testcase classname="twitter.ExtractTest" name="testGetMentioned5" time="0.001" />
  <testcase classname="twitter.ExtractTest" name="testGetMentioned6" time="0.001" />
  <testcase classname="twitter.ExtractTest" name="testGetMentioned7" time="0.0" />
  <testcase classname="twitter.ExtractTest" name="testGetMentioned8" time="0.0" />
  <testcase classname="twitter.ExtractTest" name="testGetMentioned9" time="0.0" />
  <testcase classname="twitter.ExtractTest" name="testGetMentionedUsersSomeMention" time="0.0" />
  <testcase classname="twitter.ExtractTest" name="testGetTimespan1" time="0.0" />
  <testcase classname="twitter.ExtractTest" name="testGetTimespan2" time="0.0" />
  <testcase classname="twitter.ExtractTest" name="testGetTimespan3" time="0.0" />
  <testcase classname="twitter.ExtractTest" name="testGetTimespan4" time="0.0" />
  <testcase classname="twitter.ExtractTest" name="testGetTimespan5" time="0.0" />
  <testcase classname="twitter.ExtractTest" name="testGetTimespan6" time="0.001" />
  <testcase classname="twitter.ExtractTest" name="testGetTimespan7" time="0.0" />
  <system-out><![CDATA[Tweet is: @uSer1 is talking about somethin @uSer2
Tweet is: abc @user3,is talking about somethin
Tweet is: @uSer1@uSer2 is talking about somethin
Tweet is: abc @user3,is talking about somethin
Tweet is: is it reasonable to talk about rivest so much?
Tweet is: @user1, @user1 is talking about somethin
Tweet is: I don't know what to say @user1
Tweet is: @user2 what do you think?
Tweet is: @@@_tricker-User-1.This text woul @@user5@ @@user3@@user4@ be su@dddd super tricky, ?@@alyssa] tufss I don't think @@__--This-is_a_user?@@__--this-is_a_user.?
Tweet is: @@@_tricker-User-1.This text woul @@user5@ @@user3@@user4@ be su@dddd super tricky, ?@@alyssa] tufss I don't think @@__--This-is_a_user?@@__--this-is_a_user.?
Tweet is: @@@_tricker-User-1.This text woul @@user5@user5@ @@user3@@user4@ be su@dddd super tricky, ?@@alyssa] tufss I don't think @@__--This-is_a_user?@@__--this-is_a_user.?
Tweet is: is it reasonable to talk about rivest so much?
Tweet is: @@@_tricker-User-1.This text woul @@user5@ @@user3@@user4@ be su@dddd super tricky, ?@@alyssa] tufss I don't think @@__--This-is_a_user?@@__--this-is_a_user.?
Tweet is: is it reasonable to talk about rivest so much?
Tweet is: @@@_tricker-User-1.This text woul @@user5@ @@user3@@user4@ be su@dddd super tricky, ?@@alyssa] tufss I don't think @@__--This-is_a_user?@@__--this-is_a_user.?
Tweet is: is it reasonable to talk about rivest so much?
Tweet is: @user2 what do you think?
Tweet is: @user1 is talking about somethin @user2
Tweet is: @uSer1 is talking about somethin @uSer2
Tweet is: @uSer1@uSer2 is talking about somethin
Tweet is: @user1, @user1 is talking about somethin
Tweet is: is it reasonable to talk about rivest so much?
Tweet is: abc@user1,is talking about somethin
Tweet is: is it reasonable to talk about rivest so much?
Tweet is: @user2 what do you think?
Tweet is: @uSer1 is talking about somethin @uSer2
Tweet is: @uSer1@uSer2 is talking about somethin
Tweet is: I don't know what to say @user1
Tweet is: @user2 what do you think?
]]></system-out>
  <system-err><![CDATA[]]></system-err>
</testsuite>
